# JRE version: OpenJDK Runtime Environment (14.0+36) (build 14+36-1461)
# Java VM: OpenJDK 64-Bit Server VM (14+36-1461, mixed mode, sharing, tiered, compressed oops, parallel gc, windows-amd64)
Heap:
 PSYoungGen      total 4608K, used 1917K [0x00000000eab00000, 0x00000000eb180000, 0x0000000100000000)
  eden space 4096K, 42% used [0x00000000eab00000,0x00000000eacaf628,0x00000000eaf00000)
  from space 512K, 37% used [0x00000000eb080000,0x00000000eb0b0000,0x00000000eb100000)
  to   space 512K, 0% used [0x00000000eb100000,0x00000000eb100000,0x00000000eb180000)
 ParOldGen       total 304128K, used 262880K [0x00000000c0000000, 0x00000000d2900000, 0x00000000eab00000)
  object space 304128K, 86% used [0x00000000c0000000,0x00000000d00b83d0,0x00000000d2900000)
 Metaspace       used 73042K, capacity 76389K, committed 76672K, reserved 1118208K
  class space    used 7429K, capacity 8521K, committed 8576K, reserved 1048576K
GC Heap History (20 events):
Event: 1559.955 GC heap before
{Heap before GC invocations=682 (full 24):
 PSYoungGen      total 6144K, used 5960K [0x00000000eab00000, 0x00000000eb600000, 0x0000000100000000)
  eden space 3072K, 100% used [0x00000000eab00000,0x00000000eae00000,0x00000000eae00000)
  from space 3072K, 94% used [0x00000000eae00000,0x00000000eb0d2398,0x00000000eb100000)
  to   space 4096K, 0% used [0x00000000eb200000,0x00000000eb200000,0x00000000eb600000)
 ParOldGen       total 304128K, used 252120K [0x00000000c0000000, 0x00000000d2900000, 0x00000000eab00000)
  object space 304128K, 82% used [0x00000000c0000000,0x00000000cf6362d0,0x00000000d2900000)
 Metaspace       used 73036K, capacity 76389K, committed 76672K, reserved 1118208K
  class space    used 7429K, capacity 8521K, committed 8576K, reserved 1048576K
}
Event: 1559.959 GC heap after
{Heap after GC invocations=682 (full 24):
 PSYoungGen      total 6144K, used 2912K [0x00000000eab00000, 0x00000000eb500000, 0x0000000100000000)
  eden space 3072K, 0% used [0x00000000eab00000,0x00000000eab00000,0x00000000eae00000)
  from space 3072K, 94% used [0x00000000eb200000,0x00000000eb4d8000,0x00000000eb500000)
  to   space 3584K, 0% used [0x00000000eae00000,0x00000000eae00000,0x00000000eb180000)
 ParOldGen       total 304128K, used 254945K [0x00000000c0000000, 0x00000000d2900000, 0x00000000eab00000)
  object space 304128K, 83% used [0x00000000c0000000,0x00000000cf8f8668,0x00000000d2900000)
 Metaspace       used 73036K, capacity 76389K, committed 76672K, reserved 1118208K
  class space    used 7429K, capacity 8521K, committed 8576K, reserved 1048576K
}
Event: 1560.001 GC heap before
{Heap before GC invocations=683 (full 24):
 PSYoungGen      total 6144K, used 5984K [0x00000000eab00000, 0x00000000eb500000, 0x0000000100000000)
  eden space 3072K, 100% used [0x00000000eab00000,0x00000000eae00000,0x00000000eae00000)
  from space 3072K, 94% used [0x00000000eb200000,0x00000000eb4d8000,0x00000000eb500000)
  to   space 3584K, 0% used [0x00000000eae00000,0x00000000eae00000,0x00000000eb180000)
 ParOldGen       total 304128K, used 254945K [0x00000000c0000000, 0x00000000d2900000, 0x00000000eab00000)
  object space 304128K, 83% used [0x00000000c0000000,0x00000000cf8f8668,0x00000000d2900000)
 Metaspace       used 73036K, capacity 76389K, committed 76672K, reserved 1118208K
  class space    used 7429K, capacity 8521K, committed 8576K, reserved 1048576K
}
Event: 1560.008 GC heap after
{Heap after GC invocations=683 (full 24):
 PSYoungGen      total 6656K, used 3072K [0x00000000eab00000, 0x00000000eb500000, 0x0000000100000000)
  eden space 3072K, 0% used [0x00000000eab00000,0x00000000eab00000,0x00000000eae00000)
  from space 3584K, 85% used [0x00000000eae00000,0x00000000eb100000,0x00000000eb180000)
  to   space 3584K, 0% used [0x00000000eb180000,0x00000000eb180000,0x00000000eb500000)
 ParOldGen       total 304128K, used 257849K [0x00000000c0000000, 0x00000000d2900000, 0x00000000eab00000)
  object space 304128K, 84% used [0x00000000c0000000,0x00000000cfbce668,0x00000000d2900000)
 Metaspace       used 73036K, capacity 76389K, committed 76672K, reserved 1118208K
  class space    used 7429K, capacity 8521K, committed 8576K, reserved 1048576K
}
Event: 1560.039 GC heap before
{Heap before GC invocations=684 (full 24):
 PSYoungGen      total 6656K, used 6144K [0x00000000eab00000, 0x00000000eb500000, 0x0000000100000000)
  eden space 3072K, 100% used [0x00000000eab00000,0x00000000eae00000,0x00000000eae00000)
  from space 3584K, 85% used [0x00000000eae00000,0x00000000eb100000,0x00000000eb180000)
  to   space 3584K, 0% used [0x00000000eb180000,0x00000000eb180000,0x00000000eb500000)
 ParOldGen       total 304128K, used 257849K [0x00000000c0000000, 0x00000000d2900000, 0x00000000eab00000)
  object space 304128K, 84% used [0x00000000c0000000,0x00000000cfbce668,0x00000000d2900000)
 Metaspace       used 73036K, capacity 76389K, committed 76672K, reserved 1118208K
  class space    used 7429K, capacity 8521K, committed 8576K, reserved 1048576K
}
Event: 1560.043 GC heap after
{Heap after GC invocations=684 (full 24):
 PSYoungGen      total 4096K, used 596K [0x00000000eab00000, 0x00000000eb280000, 0x0000000100000000)
  eden space 3072K, 0% used [0x00000000eab00000,0x00000000eab00000,0x00000000eae00000)
  from space 1024K, 58% used [0x00000000eb180000,0x00000000eb215200,0x00000000eb280000)
  to   space 1536K, 0% used [0x00000000eaf80000,0x00000000eaf80000,0x00000000eb100000)
 ParOldGen       total 304128K, used 260889K [0x00000000c0000000, 0x00000000d2900000, 0x00000000eab00000)
  object space 304128K, 85% used [0x00000000c0000000,0x00000000cfec6668,0x00000000d2900000)
 Metaspace       used 73036K, capacity 76389K, committed 76672K, reserved 1118208K
  class space    used 7429K, capacity 8521K, committed 8576K, reserved 1048576K
}
Event: 1560.048 GC heap before
{Heap before GC invocations=685 (full 24):
 PSYoungGen      total 4096K, used 3668K [0x00000000eab00000, 0x00000000eb280000, 0x0000000100000000)
  eden space 3072K, 100% used [0x00000000eab00000,0x00000000eae00000,0x00000000eae00000)
  from space 1024K, 58% used [0x00000000eb180000,0x00000000eb215200,0x00000000eb280000)
  to   space 1536K, 0% used [0x00000000eaf80000,0x00000000eaf80000,0x00000000eb100000)
 ParOldGen       total 304128K, used 260889K [0x00000000c0000000, 0x00000000d2900000, 0x00000000eab00000)
  object space 304128K, 85% used [0x00000000c0000000,0x00000000cfec6668,0x00000000d2900000)
 Metaspace       used 73036K, capacity 76389K, committed 76672K, reserved 1118208K
  class space    used 7429K, capacity 8521K, committed 8576K, reserved 1048576K
}
Event: 1560.051 GC heap after
{Heap after GC invocations=685 (full 24):
 PSYoungGen      total 4608K, used 224K [0x00000000eab00000, 0x00000000eb200000, 0x0000000100000000)
  eden space 3072K, 0% used [0x00000000eab00000,0x00000000eab00000,0x00000000eae00000)
  from space 1536K, 14% used [0x00000000eaf80000,0x00000000eafb8000,0x00000000eb100000)
  to   space 1024K, 0% used [0x00000000eb100000,0x00000000eb100000,0x00000000eb200000)
 ParOldGen       total 304128K, used 261462K [0x00000000c0000000, 0x00000000d2900000, 0x00000000eab00000)
  object space 304128K, 85% used [0x00000000c0000000,0x00000000cff55a50,0x00000000d2900000)
 Metaspace       used 73036K, capacity 76389K, committed 76672K, reserved 1118208K
  class space    used 7429K, capacity 8521K, committed 8576K, reserved 1048576K
}
Event: 1560.070 GC heap before
{Heap before GC invocations=686 (full 24):
 PSYoungGen      total 4608K, used 3296K [0x00000000eab00000, 0x00000000eb200000, 0x0000000100000000)
  eden space 3072K, 100% used [0x00000000eab00000,0x00000000eae00000,0x00000000eae00000)
  from space 1536K, 14% used [0x00000000eaf80000,0x00000000eafb8000,0x00000000eb100000)
  to   space 1024K, 0% used [0x00000000eb100000,0x00000000eb100000,0x00000000eb200000)
 ParOldGen       total 304128K, used 261462K [0x00000000c0000000, 0x00000000d2900000, 0x00000000eab00000)
  object space 304128K, 85% used [0x00000000c0000000,0x00000000cff55a50,0x00000000d2900000)
 Metaspace       used 73036K, capacity 76389K, committed 76672K, reserved 1118208K
  class space    used 7429K, capacity 8521K, committed 8576K, reserved 1048576K
}
Event: 1560.074 GC heap after
{Heap after GC invocations=686 (full 24):
 PSYoungGen      total 4096K, used 602K [0x00000000eab00000, 0x00000000eb200000, 0x0000000100000000)
  eden space 3072K, 0% used [0x00000000eab00000,0x00000000eab00000,0x00000000eae00000)
  from space 1024K, 58% used [0x00000000eb100000,0x00000000eb196900,0x00000000eb200000)
  to   space 1024K, 0% used [0x00000000eb000000,0x00000000eb000000,0x00000000eb100000)
 ParOldGen       total 304128K, used 261614K [0x00000000c0000000, 0x00000000d2900000, 0x00000000eab00000)
  object space 304128K, 86% used [0x00000000c0000000,0x00000000cff7ba70,0x00000000d2900000)
 Metaspace       used 73036K, capacity 76389K, committed 76672K, reserved 1118208K
  class space    used 7429K, capacity 8521K, committed 8576K, reserved 1048576K
}
Event: 1560.079 GC heap before
{Heap before GC invocations=687 (full 24):
 PSYoungGen      total 4096K, used 3674K [0x00000000eab00000, 0x00000000eb200000, 0x0000000100000000)
  eden space 3072K, 100% used [0x00000000eab00000,0x00000000eae00000,0x00000000eae00000)
  from space 1024K, 58% used [0x00000000eb100000,0x00000000eb196900,0x00000000eb200000)
  to   space 1024K, 0% used [0x00000000eb000000,0x00000000eb000000,0x00000000eb100000)
 ParOldGen       total 304128K, used 261614K [0x00000000c0000000, 0x00000000d2900000, 0x00000000eab00000)
  object space 304128K, 86% used [0x00000000c0000000,0x00000000cff7ba70,0x00000000d2900000)
 Metaspace       used 73036K, capacity 76389K, committed 76672K, reserved 1118208K
  class space    used 7429K, capacity 8521K, committed 8576K, reserved 1048576K
}
Event: 1560.081 GC heap after
{Heap after GC invocations=687 (full 24):
 PSYoungGen      total 5120K, used 224K [0x00000000eab00000, 0x00000000eb180000, 0x0000000100000000)
  eden space 4096K, 0% used [0x00000000eab00000,0x00000000eab00000,0x00000000eaf00000)
  from space 1024K, 21% used [0x00000000eb000000,0x00000000eb038000,0x00000000eb100000)
  to   space 512K, 0% used [0x00000000eb100000,0x00000000eb100000,0x00000000eb180000)
 ParOldGen       total 304128K, used 262175K [0x00000000c0000000, 0x00000000d2900000, 0x00000000eab00000)
  object space 304128K, 86% used [0x00000000c0000000,0x00000000d0007e28,0x00000000d2900000)
 Metaspace       used 73036K, capacity 76389K, committed 76672K, reserved 1118208K
  class space    used 7429K, capacity 8521K, committed 8576K, reserved 1048576K
}
Event: 1560.195 GC heap before
{Heap before GC invocations=688 (full 24):
 PSYoungGen      total 5120K, used 4320K [0x00000000eab00000, 0x00000000eb180000, 0x0000000100000000)
  eden space 4096K, 100% used [0x00000000eab00000,0x00000000eaf00000,0x00000000eaf00000)
  from space 1024K, 21% used [0x00000000eb000000,0x00000000eb038000,0x00000000eb100000)
  to   space 512K, 0% used [0x00000000eb100000,0x00000000eb100000,0x00000000eb180000)
 ParOldGen       total 304128K, used 262175K [0x00000000c0000000, 0x00000000d2900000, 0x00000000eab00000)
  object space 304128K, 86% used [0x00000000c0000000,0x00000000d0007e28,0x00000000d2900000)
 Metaspace       used 73036K, capacity 76389K, committed 76672K, reserved 1118208K
  class space    used 7429K, capacity 8521K, committed 8576K, reserved 1048576K
}
Event: 1560.197 GC heap after
{Heap after GC invocations=688 (full 24):
 PSYoungGen      total 4608K, used 352K [0x00000000eab00000, 0x00000000eb180000, 0x0000000100000000)
  eden space 4096K, 0% used [0x00000000eab00000,0x00000000eab00000,0x00000000eaf00000)
  from space 512K, 68% used [0x00000000eb100000,0x00000000eb158000,0x00000000eb180000)
  to   space 512K, 0% used [0x00000000eb080000,0x00000000eb080000,0x00000000eb100000)
 ParOldGen       total 304128K, used 262327K [0x00000000c0000000, 0x00000000d2900000, 0x00000000eab00000)
  object space 304128K, 86% used [0x00000000c0000000,0x00000000d002de28,0x00000000d2900000)
 Metaspace       used 73036K, capacity 76389K, committed 76672K, reserved 1118208K
  class space    used 7429K, capacity 8521K, committed 8576K, reserved 1048576K
}
Event: 1560.210 GC heap before
{Heap before GC invocations=689 (full 24):
 PSYoungGen      total 4608K, used 4448K [0x00000000eab00000, 0x00000000eb180000, 0x0000000100000000)
  eden space 4096K, 100% used [0x00000000eab00000,0x00000000eaf00000,0x00000000eaf00000)
  from space 512K, 68% used [0x00000000eb100000,0x00000000eb158000,0x00000000eb180000)
  to   space 512K, 0% used [0x00000000eb080000,0x00000000eb080000,0x00000000eb100000)
 ParOldGen       total 304128K, used 262327K [0x00000000c0000000, 0x00000000d2900000, 0x00000000eab00000)
  object space 304128K, 86% used [0x00000000c0000000,0x00000000d002de28,0x00000000d2900000)
 Metaspace       used 73036K, capacity 76389K, committed 76672K, reserved 1118208K
  class space    used 7429K, capacity 8521K, committed 8576K, reserved 1048576K
}
Event: 1560.212 GC heap after
{Heap after GC invocations=689 (full 24):
 PSYoungGen      total 4608K, used 346K [0x00000000eab00000, 0x00000000eb180000, 0x0000000100000000)
  eden space 4096K, 0% used [0x00000000eab00000,0x00000000eab00000,0x00000000eaf00000)
  from space 512K, 67% used [0x00000000eb080000,0x00000000eb0d6900,0x00000000eb100000)
  to   space 512K, 0% used [0x00000000eb100000,0x00000000eb100000,0x00000000eb180000)
 ParOldGen       total 304128K, used 262637K [0x00000000c0000000, 0x00000000d2900000, 0x00000000eab00000)
  object space 304128K, 86% used [0x00000000c0000000,0x00000000d007b738,0x00000000d2900000)
 Metaspace       used 73036K, capacity 76389K, committed 76672K, reserved 1118208K
  class space    used 7429K, capacity 8521K, committed 8576K, reserved 1048576K
}
Event: 1560.237 GC heap before
{Heap before GC invocations=690 (full 24):
 PSYoungGen      total 4608K, used 4442K [0x00000000eab00000, 0x00000000eb180000, 0x0000000100000000)
  eden space 4096K, 100% used [0x00000000eab00000,0x00000000eaf00000,0x00000000eaf00000)
  from space 512K, 67% used [0x00000000eb080000,0x00000000eb0d6900,0x00000000eb100000)
  to   space 512K, 0% used [0x00000000eb100000,0x00000000eb100000,0x00000000eb180000)
 ParOldGen       total 304128K, used 262637K [0x00000000c0000000, 0x00000000d2900000, 0x00000000eab00000)
  object space 304128K, 86% used [0x00000000c0000000,0x00000000d007b738,0x00000000d2900000)
 Metaspace       used 73042K, capacity 76389K, committed 76672K, reserved 1118208K
  class space    used 7429K, capacity 8521K, committed 8576K, reserved 1048576K
}
Event: 1560.240 GC heap after
{Heap after GC invocations=690 (full 24):
 PSYoungGen      total 4608K, used 276K [0x00000000eab00000, 0x00000000eb180000, 0x0000000100000000)
  eden space 4096K, 0% used [0x00000000eab00000,0x00000000eab00000,0x00000000eaf00000)
  from space 512K, 54% used [0x00000000eb100000,0x00000000eb145200,0x00000000eb180000)
  to   space 512K, 0% used [0x00000000eb080000,0x00000000eb080000,0x00000000eb100000)
 ParOldGen       total 304128K, used 262680K [0x00000000c0000000, 0x00000000d2900000, 0x00000000eab00000)
  object space 304128K, 86% used [0x00000000c0000000,0x00000000d0086038,0x00000000d2900000)
 Metaspace       used 73042K, capacity 76389K, committed 76672K, reserved 1118208K
  class space    used 7429K, capacity 8521K, committed 8576K, reserved 1048576K
}
Event: 1560.247 GC heap before
{Heap before GC invocations=691 (full 24):
 PSYoungGen      total 4608K, used 4372K [0x00000000eab00000, 0x00000000eb180000, 0x0000000100000000)
  eden space 4096K, 100% used [0x00000000eab00000,0x00000000eaf00000,0x00000000eaf00000)
  from space 512K, 54% used [0x00000000eb100000,0x00000000eb145200,0x00000000eb180000)
  to   space 512K, 0% used [0x00000000eb080000,0x00000000eb080000,0x00000000eb100000)
 ParOldGen       total 304128K, used 262680K [0x00000000c0000000, 0x00000000d2900000, 0x00000000eab00000)
  object space 304128K, 86% used [0x00000000c0000000,0x00000000d0086038,0x00000000d2900000)
 Metaspace       used 73042K, capacity 76389K, committed 76672K, reserved 1118208K
  class space    used 7429K, capacity 8521K, committed 8576K, reserved 1048576K
}
Event: 1560.250 GC heap after
{Heap after GC invocations=691 (full 24):
 PSYoungGen      total 4608K, used 192K [0x00000000eab00000, 0x00000000eb180000, 0x0000000100000000)
  eden space 4096K, 0% used [0x00000000eab00000,0x00000000eab00000,0x00000000eaf00000)
  from space 512K, 37% used [0x00000000eb080000,0x00000000eb0b0000,0x00000000eb100000)
  to   space 512K, 0% used [0x00000000eb100000,0x00000000eb100000,0x00000000eb180000)
 ParOldGen       total 304128K, used 262880K [0x00000000c0000000, 0x00000000d2900000, 0x00000000eab00000)
  object space 304128K, 86% used [0x00000000c0000000,0x00000000d00b83d0,0x00000000d2900000)
 Metaspace       used 73042K, capacity 76389K, committed 76672K, reserved 1118208K
  class space    used 7429K, capacity 8521K, committed 8576K, reserved 1048576K
}

